<?xml version="1.0" encoding="UTF-8"?>
<!-- Generated by org.testng.reporters.JUnitReportReporter -->
<testsuite skipped="0" hostname="ChinmayPC" name="testCases.TestCases" tests="4" failures="0" timestamp="26 Apr 2019 04:09:01 GMT" time="18.102" errors="0">
  <testcase name="openUrl" time="7.149" classname="testCases.TestCases"/>
  <testcase name="hideToggleAd" time="3.834" classname="testCases.TestCases"/>
  <testcase name="newRegistrationPageHeader" time="3.327" classname="testCases.TestCases"/>
  <testcase name="newRegistration" time="3.792" classname="testCases.TestCases"/>
</testsuite> <!-- testCases.TestCases -->
