<?xml version="1.0" encoding="UTF-8"?>
<!-- Generated by org.testng.reporters.JUnitReportReporter -->
<testsuite skipped="0" hostname="ChinmayPC" name="testCases.TestCases" tests="4" failures="0" timestamp="25 Apr 2019 03:19:52 GMT" time="46.032" errors="0">
  <testcase name="openUrl" time="9.129" classname="testCases.TestCases"/>
  <testcase name="hideToggleAd" time="24.960" classname="testCases.TestCases"/>
  <testcase name="newRegistrationPageHeader" time="5.870" classname="testCases.TestCases"/>
  <testcase name="newRegistration" time="6.073" classname="testCases.TestCases"/>
</testsuite> <!-- testCases.TestCases -->
