<?xml version="1.0" encoding="UTF-8"?>
<!-- Generated by org.testng.reporters.JUnitReportReporter -->
<testsuite skipped="0" hostname="ChinmayPC" name="testCases.TestCase2" tests="3" failures="0" timestamp="12 May 2019 04:56:09 GMT" time="29.085" errors="0">
  <testcase name="launchBrowserValidatePageTitle" time="12.153" classname="testCases.TestCase2"/>
  <testcase name="hideVisibleAdScreen" time="2.031" classname="testCases.TestCase2"/>
  <testcase name="registration" time="14.901" classname="testCases.TestCase2"/>
</testsuite> <!-- testCases.TestCase2 -->
